<?xml version="1.0" encoding="UTF-8"?>
<!-- Generated by org.testng.reporters.JUnitXMLReporter -->
<testsuite ignored="56" hostname="LAPTOP-M442JUFC" failures="0" tests="1" name="Default test" time="49.218" errors="0" timestamp="12 Jul 2020 21:34:14 GMT">
  <testcase classname="com.pmamhcm.PositiveTests" name="inactivateActivatePolicyTest" time="49.189"/>
  <testcase classname="com.pmamhcm.PositiveTests" name="viewDemoHomeTest" time="0.0">
    <ignored/>
  </testcase> <!-- viewDemoHomeTest -->
  <testcase classname="com.pmamhcm.PositiveTests" name="switchModuleTest" time="0.0">
    <ignored/>
  </testcase> <!-- switchModuleTest -->
  <testcase classname="com.pmamhcm.PositiveTests" name="viewDemoEmployeesTest" time="0.0">
    <ignored/>
  </testcase> <!-- viewDemoEmployeesTest -->
  <testcase classname="com.pmamhcm.PositiveTests" name="viewDemoAssignPolicyTest" time="0.0">
    <ignored/>
  </testcase> <!-- viewDemoAssignPolicyTest -->
  <testcase classname="com.pmamhcm.PositiveTests" name="multipleLoginLogoutTest" time="0.0">
    <ignored/>
  </testcase> <!-- multipleLoginLogoutTest -->
  <testcase classname="com.pmamhcm.PositiveTests" name="viewDemoViewAllTrainingTest" time="0.0">
    <ignored/>
  </testcase> <!-- viewDemoViewAllTrainingTest -->
  <testcase classname="com.pmamhcm.PositiveTests" name="viewDemoAssignTrainingTest" time="0.0">
    <ignored/>
  </testcase> <!-- viewDemoAssignTrainingTest -->
  <testcase classname="com.pmamhcm.PositiveTests" name="viewDemoReportsTrainingReportTest" time="0.0">
    <ignored/>
  </testcase> <!-- viewDemoReportsTrainingReportTest -->
  <testcase classname="com.pmamhcm.PositiveTests" name="viewDemoPublishTrainingCalendarTest" time="0.0">
    <ignored/>
  </testcase> <!-- viewDemoPublishTrainingCalendarTest -->
  <testcase classname="com.pmamhcm.PositiveTests" name="completePolicyTest" time="0.0">
    <ignored/>
  </testcase> <!-- completePolicyTest -->
  <testcase classname="com.pmamhcm.PositiveTests" name="completeFeedbackTest" time="0.0">
    <ignored/>
  </testcase> <!-- completeFeedbackTest -->
  <testcase classname="com.pmamhcm.PositiveTests" name="completeTrainingTest" time="0.0">
    <ignored/>
  </testcase> <!-- completeTrainingTest -->
  <testcase classname="com.pmamhcm.PositiveTests" name="viewDemoAddNewTrainingTest" time="0.0">
    <ignored/>
  </testcase> <!-- viewDemoAddNewTrainingTest -->
  <testcase classname="com.pmamhcm.PositiveTests" name="viewDemoManageQuestionsTest" time="0.0">
    <ignored/>
  </testcase> <!-- viewDemoManageQuestionsTest -->
  <testcase classname="com.pmamhcm.PositiveTests" name="postMessageTest" time="0.0">
    <ignored/>
  </testcase> <!-- postMessageTest -->
  <testcase classname="com.pmamhcm.PositiveTests" name="viewDemoMyPagesSearchTest" time="0.0">
    <ignored/>
  </testcase> <!-- viewDemoMyPagesSearchTest -->
  <testcase classname="com.pmamhcm.PositiveTests" name="viewDemoReportsTrainingStatisticsTest" time="0.0">
    <ignored/>
  </testcase> <!-- viewDemoReportsTrainingStatisticsTest -->
  <testcase classname="com.pmamhcm.PositiveTests" name="viewDemoReportsTrainingStatusTest" time="0.0">
    <ignored/>
  </testcase> <!-- viewDemoReportsTrainingStatusTest -->
  <testcase classname="com.pmamhcm.PositiveTests" name="viewDemoReportsQuestionAnalysisTest" time="0.0">
    <ignored/>
  </testcase> <!-- viewDemoReportsQuestionAnalysisTest -->
  <testcase classname="com.pmamhcm.PositiveTests" name="inactivateActivateFeedbackTest" time="0.0">
    <ignored/>
  </testcase> <!-- inactivateActivateFeedbackTest -->
  <testcase classname="com.pmamhcm.PositiveTests" name="viewDemoReportsEmployeewiseDetailedTrainingTest" time="0.0">
    <ignored/>
  </testcase> <!-- viewDemoReportsEmployeewiseDetailedTrainingTest -->
  <testcase classname="com.pmamhcm.PositiveTests" name="viewDemoAuditSubmissionTest" time="0.0">
    <ignored/>
  </testcase> <!-- viewDemoAuditSubmissionTest -->
  <testcase classname="com.pmamhcm.PositiveTests" name="viewDemoReportsFeedbackAnalysisTest" time="0.0">
    <ignored/>
  </testcase> <!-- viewDemoReportsFeedbackAnalysisTest -->
  <testcase classname="com.pmamhcm.PositiveTests" name="assignUnassignPolicyTest" time="0.0">
    <ignored/>
  </testcase> <!-- assignUnassignPolicyTest -->
  <testcase classname="com.pmamhcm.PositiveTests" name="reportsTrainingStatusTest" time="0.0">
    <ignored/>
  </testcase> <!-- reportsTrainingStatusTest -->
  <testcase classname="com.pmamhcm.PositiveTests" name="viewDemoFeedbackFormTest" time="0.0">
    <ignored/>
  </testcase> <!-- viewDemoFeedbackFormTest -->
  <testcase classname="com.pmamhcm.PositiveTests" name="viewDemoReportsTrainingAnalysisTest" time="0.0">
    <ignored/>
  </testcase> <!-- viewDemoReportsTrainingAnalysisTest -->
  <testcase classname="com.pmamhcm.PositiveTests" name="reportsEmployeeWiseDetailedPolicyTest" time="0.0">
    <ignored/>
  </testcase> <!-- reportsEmployeeWiseDetailedPolicyTest -->
  <testcase classname="com.pmamhcm.PositiveTests" name="inactivateActivateEmployeeTest" time="0.0">
    <ignored/>
  </testcase> <!-- inactivateActivateEmployeeTest -->
  <testcase classname="com.pmamhcm.PositiveTests" name="viewDemoReportsGoalVsTrainingTest" time="0.0">
    <ignored/>
  </testcase> <!-- viewDemoReportsGoalVsTrainingTest -->
  <testcase classname="com.pmamhcm.PositiveTests" name="viewDemoReportsTrainingTest" time="0.0">
    <ignored/>
  </testcase> <!-- viewDemoReportsTrainingTest -->
  <testcase classname="com.pmamhcm.PositiveTests" name="viewDemoAssignTrainingtoAllEmployeesTest" time="0.0">
    <ignored/>
  </testcase> <!-- viewDemoAssignTrainingtoAllEmployeesTest -->
  <testcase classname="com.pmamhcm.PositiveTests" name="viewDemoSetupTest" time="0.0">
    <ignored/>
  </testcase> <!-- viewDemoSetupTest -->
  <testcase classname="com.pmamhcm.PositiveTests" name="reportsEmployeeWiseDetailedTrainingTest" time="0.0">
    <ignored/>
  </testcase> <!-- reportsEmployeeWiseDetailedTrainingTest -->
  <testcase classname="com.pmamhcm.PositiveTests" name="viewDemoReportsPolicyTest" time="0.0">
    <ignored/>
  </testcase> <!-- viewDemoReportsPolicyTest -->
  <testcase classname="com.pmamhcm.PositiveTests" name="viewDemoReportsPolicyReportTest" time="0.0">
    <ignored/>
  </testcase> <!-- viewDemoReportsPolicyReportTest -->
  <testcase classname="com.pmamhcm.PositiveTests" name="viewDemoSendMessageTest" time="0.0">
    <ignored/>
  </testcase> <!-- viewDemoSendMessageTest -->
  <testcase classname="com.pmamhcm.PositiveTests" name="inactivateActivateTrainingTest" time="0.0">
    <ignored/>
  </testcase> <!-- inactivateActivateTrainingTest -->
  <testcase classname="com.pmamhcm.PositiveTests" name="viewDemoMyPagesOtherAvailableTrainingsTest" time="0.0">
    <ignored/>
  </testcase> <!-- viewDemoMyPagesOtherAvailableTrainingsTest -->
  <testcase classname="com.pmamhcm.PositiveTests" name="viewDemoListAndAddPolicyCategoryTest" time="0.0">
    <ignored/>
  </testcase> <!-- viewDemoListAndAddPolicyCategoryTest -->
  <testcase classname="com.pmamhcm.PositiveTests" name="viewDemoReportsExportDataTrainingTest" time="0.0">
    <ignored/>
  </testcase> <!-- viewDemoReportsExportDataTrainingTest -->
  <testcase classname="com.pmamhcm.PositiveTests" name="viewDemoReportsPolicyStatusTest" time="0.0">
    <ignored/>
  </testcase> <!-- viewDemoReportsPolicyStatusTest -->
  <testcase classname="com.pmamhcm.PositiveTests" name="viewDemoTrainingDashboardTest" time="0.0">
    <ignored/>
  </testcase> <!-- viewDemoTrainingDashboardTest -->
  <testcase classname="com.pmamhcm.PositiveTests" name="footerLinksIndustriesTest" time="0.0">
    <ignored/>
  </testcase> <!-- footerLinksIndustriesTest -->
  <testcase classname="com.pmamhcm.PositiveTests" name="viewDemoStandardMasterTest" time="0.0">
    <ignored/>
  </testcase> <!-- viewDemoStandardMasterTest -->
  <testcase classname="com.pmamhcm.PositiveTests" name="assignUnassignTrainingTest" time="0.0">
    <ignored/>
  </testcase> <!-- assignUnassignTrainingTest -->
  <testcase classname="com.pmamhcm.PositiveTests" name="viewDemoPendingRequestTest" time="0.0">
    <ignored/>
  </testcase> <!-- viewDemoPendingRequestTest -->
  <testcase classname="com.pmamhcm.PositiveTests" name="viewDemoViewMessageTest" time="0.0">
    <ignored/>
  </testcase> <!-- viewDemoViewMessageTest -->
  <testcase classname="com.pmamhcm.PositiveTests" name="reportsPolicyStatusTest" time="0.0">
    <ignored/>
  </testcase> <!-- reportsPolicyStatusTest -->
  <testcase classname="com.pmamhcm.PositiveTests" name="viewDemoReportsEmployeewiseDetailedPolicyTest" time="0.0">
    <ignored/>
  </testcase> <!-- viewDemoReportsEmployeewiseDetailedPolicyTest -->
  <testcase classname="com.pmamhcm.PositiveTests" name="viewDemoReportsCustomReportTest" time="0.0">
    <ignored/>
  </testcase> <!-- viewDemoReportsCustomReportTest -->
  <testcase classname="com.pmamhcm.PositiveTests" name="singleLoginLogoutTest" time="0.0">
    <ignored/>
  </testcase> <!-- singleLoginLogoutTest -->
  <testcase classname="com.pmamhcm.PositiveTests" name="viewDemoReportsOrganizationChartTest" time="0.0">
    <ignored/>
  </testcase> <!-- viewDemoReportsOrganizationChartTest -->
  <testcase classname="com.pmamhcm.PositiveTests" name="viewDemoActivateInactivateTrainingTest" time="0.0">
    <ignored/>
  </testcase> <!-- viewDemoActivateInactivateTrainingTest -->
  <testcase classname="com.pmamhcm.PositiveTests" name="viewDemoReportsAdditionalTrainingTest" time="0.0">
    <ignored/>
  </testcase> <!-- viewDemoReportsAdditionalTrainingTest -->
  <testcase classname="com.pmamhcm.PositiveTests" name="footerLinksProductResourcesTest" time="0.0">
    <ignored/>
  </testcase> <!-- footerLinksProductResourcesTest -->
</testsuite> <!-- Default test -->
