<?xml version="1.0" encoding="UTF-8"?>
<testng-results ignored="56" total="57" passed="1" failed="0" skipped="0">
  <reporter-output>
  </reporter-output>
  <suite started-at="2020-07-12T21:33:25Z" name="Default suite" finished-at="2020-07-12T21:34:14Z" duration-ms="49218">
    <groups>
    </groups>
    <test started-at="2020-07-12T21:33:25Z" name="Default test" finished-at="2020-07-12T21:34:14Z" duration-ms="49218">
      <class name="com.pmamhcm.PositiveTests">
        <test-method signature="inactivateActivatePolicyTest()[pri:12, instance:com.pmamhcm.PositiveTests@2794eab6]" started-at="2020-07-12T21:33:25Z" name="inactivateActivatePolicyTest" finished-at="2020-07-12T21:34:14Z" duration-ms="49189" status="PASS">
          <reporter-output>
          </reporter-output>
        </test-method> <!-- inactivateActivatePolicyTest -->
      </class> <!-- com.pmamhcm.PositiveTests -->
    </test> <!-- Default test -->
  </suite> <!-- Default suite -->
</testng-results>
